   ------------------------------------------------------------
  | Welcome to ROOT 6.10/08                http://root.cern.ch |
  |                               (c) 1995-2017, The ROOT Team |
  | Built for linuxx8664gcc                                    |
  | From tag v6-10-08, 16 October 2017                         |
  | Try '.help', '.demo', '.license', '.credits', '.quit'/'.q' |
   ------------------------------------------------------------


Processing integralCu.C+...
0.300000 0.050000 0.100000 6999.245312
0.300000 0.050000 0.100000 6999.245312
0.300000 0.050000 0.100000 6999.245312
0.300000 0.050000 0.100000 6999.245312
0.300000 0.050000 0.100000 6999.245312
0.300000 0.050000 0.100000 6999.245312
0.300000 0.050000 0.100000 6999.245312
0.300000 0.050000 0.100000 6999.245312
0.600000 0.050000 0.100000 6999.245312
0.600000 0.050000 0.100000 6999.245312
0.600000 0.050000 0.100000 6999.245312
0.600000 0.050000 0.100000 6999.245312
0.600000 0.050000 0.100000 6999.245312
0.600000 0.050000 0.100000 6999.245312
0.600000 0.050000 0.100000 6999.245312
0.600000 0.050000 0.100000 6999.245312
0.300000 0.100000 0.100000 9952.421806
0.300000 0.100000 0.100000 9952.421806
0.300000 0.100000 0.100000 9952.421806
0.300000 0.100000 0.100000 9952.421806
0.300000 0.100000 0.100000 9952.421806
0.300000 0.100000 0.100000 9952.421806
0.300000 0.100000 0.100000 9952.421806
0.300000 0.100000 0.100000 9952.421806
0.600000 0.100000 0.100000 9952.421806
0.600000 0.100000 0.100000 9952.421806
0.600000 0.100000 0.100000 9952.421806
0.600000 0.100000 0.100000 9952.421806
0.600000 0.100000 0.100000 9952.421806
0.600000 0.100000 0.100000 9952.421806
0.600000 0.100000 0.100000 9952.421806
0.600000 0.100000 0.100000 9952.421806
0.300000 0.150000 0.100000 11179.430491
0.300000 0.150000 0.100000 11179.430491
0.300000 0.150000 0.100000 11179.430491
0.300000 0.150000 0.100000 11179.430491
0.300000 0.150000 0.100000 11179.430491
0.300000 0.150000 0.100000 11179.430491
0.300000 0.150000 0.100000 11179.430491
0.300000 0.150000 0.100000 11179.430491
0.600000 0.150000 0.100000 11179.430491
0.600000 0.150000 0.100000 11179.430491
0.600000 0.150000 0.100000 11179.430491
0.600000 0.150000 0.100000 11179.430491
0.600000 0.150000 0.100000 11179.430491
0.600000 0.150000 0.100000 11179.430491
0.600000 0.150000 0.100000 11179.430491
0.600000 0.150000 0.100000 11179.430491
0.300000 0.200000 0.100000 10947.156177
0.300000 0.200000 0.100000 10947.156177
0.300000 0.200000 0.100000 10947.156177
0.300000 0.200000 0.100000 10947.156177
0.300000 0.200000 0.100000 10947.156177
0.300000 0.200000 0.100000 10947.156177
0.300000 0.200000 0.100000 10947.156177
0.300000 0.200000 0.100000 10947.156177
0.600000 0.200000 0.100000 10947.156177
0.600000 0.200000 0.100000 10947.156177
0.600000 0.200000 0.100000 10947.156177
0.600000 0.200000 0.100000 10947.156177
0.600000 0.200000 0.100000 10947.156177
0.600000 0.200000 0.100000 10947.156177
0.600000 0.200000 0.100000 10947.156177
0.600000 0.200000 0.100000 10947.156177
0.300000 0.250000 0.100000 10501.477132
0.300000 0.250000 0.100000 10501.477132
0.300000 0.250000 0.100000 10501.477132
0.300000 0.250000 0.100000 10501.477132
0.300000 0.250000 0.100000 10501.477132
0.300000 0.250000 0.100000 10501.477132
0.300000 0.250000 0.100000 10501.477132
0.300000 0.250000 0.100000 10501.477132
0.600000 0.250000 0.100000 10501.477132
0.600000 0.250000 0.100000 10501.477132
0.600000 0.250000 0.100000 10501.477132
0.600000 0.250000 0.100000 10501.477132
0.600000 0.250000 0.100000 10501.477132
0.600000 0.250000 0.100000 10501.477132
0.600000 0.250000 0.100000 10501.477132
0.600000 0.250000 0.100000 10501.477132
0.300000 0.300000 0.100000 9310.781223
0.300000 0.300000 0.100000 9310.781223
0.300000 0.300000 0.100000 9310.781223
0.300000 0.300000 0.100000 9310.781223
0.300000 0.300000 0.100000 9310.781223
0.300000 0.300000 0.100000 9310.781223
0.300000 0.300000 0.100000 9310.781223
0.300000 0.300000 0.100000 9310.781223
0.600000 0.300000 0.100000 9310.781223
0.600000 0.300000 0.100000 9310.781223
0.600000 0.300000 0.100000 9310.781223
0.600000 0.300000 0.100000 9310.781223
0.600000 0.300000 0.100000 9310.781223
0.600000 0.300000 0.100000 9310.781223
0.600000 0.300000 0.100000 9310.781223
0.600000 0.300000 0.100000 9310.781223
0.300000 0.350000 0.100000 8071.732843
0.300000 0.350000 0.100000 8071.732843
0.300000 0.350000 0.100000 8071.732843
0.300000 0.350000 0.100000 8071.732843
0.300000 0.350000 0.100000 8071.732843
0.300000 0.350000 0.100000 8071.732843
0.300000 0.350000 0.100000 8071.732843
0.300000 0.350000 0.100000 8071.732843
0.600000 0.350000 0.100000 8071.732843
0.600000 0.350000 0.100000 8071.732843
0.600000 0.350000 0.100000 8071.732843
0.600000 0.350000 0.100000 8071.732843
0.600000 0.350000 0.100000 8071.732843
0.600000 0.350000 0.100000 8071.732843
0.600000 0.350000 0.100000 8071.732843
0.600000 0.350000 0.100000 8071.732843
0.300000 0.400000 0.100000 6374.726504
0.300000 0.400000 0.100000 6374.726504
0.300000 0.400000 0.100000 6374.726504
0.300000 0.400000 0.100000 6374.726504
0.300000 0.400000 0.100000 6374.726504
0.300000 0.400000 0.100000 6374.726504
0.300000 0.400000 0.100000 6374.726504
0.300000 0.400000 0.100000 6374.726504
0.600000 0.400000 0.100000 6374.726504
0.600000 0.400000 0.100000 6374.726504
0.600000 0.400000 0.100000 6374.726504
0.600000 0.400000 0.100000 6374.726504
0.600000 0.400000 0.100000 6374.726504
0.600000 0.400000 0.100000 6374.726504
0.600000 0.400000 0.100000 6374.726504
0.600000 0.400000 0.100000 6374.726504
0.300000 0.450000 0.100000 4652.142860
0.300000 0.450000 0.100000 4652.142860
0.300000 0.450000 0.100000 4652.142860
0.300000 0.450000 0.100000 4652.142860
0.300000 0.450000 0.100000 4652.142860
0.300000 0.450000 0.100000 4652.142860
0.300000 0.450000 0.100000 4652.142860
0.300000 0.450000 0.100000 4652.142860
0.600000 0.450000 0.100000 4652.142860
0.600000 0.450000 0.100000 4652.142860
0.600000 0.450000 0.100000 4652.142860
0.600000 0.450000 0.100000 4652.142860
0.600000 0.450000 0.100000 4652.142860
0.600000 0.450000 0.100000 4652.142860
0.600000 0.450000 0.100000 4652.142860
0.600000 0.450000 0.100000 4652.142860
0.300000 0.500000 0.100000     -nan
0.300000 0.500000 0.100000     -nan
0.300000 0.500000 0.100000     -nan
0.300000 0.500000 0.100000     -nan
0.300000 0.500000 0.100000     -nan
0.300000 0.500000 0.100000     -nan
0.300000 0.500000 0.100000     -nan
0.300000 0.500000 0.100000     -nan
0.600000 0.500000 0.100000     -nan
0.600000 0.500000 0.100000     -nan
0.600000 0.500000 0.100000     -nan
0.600000 0.500000 0.100000     -nan
0.600000 0.500000 0.100000     -nan
0.600000 0.500000 0.100000     -nan
0.600000 0.500000 0.100000     -nan
0.600000 0.500000 0.100000     -nan
0.300000 0.550000 0.100000     -nan
0.300000 0.550000 0.100000     -nan
0.300000 0.550000 0.100000     -nan
0.300000 0.550000 0.100000     -nan
0.300000 0.550000 0.100000     -nan
0.300000 0.550000 0.100000     -nan
0.300000 0.550000 0.100000     -nan
0.300000 0.550000 0.100000     -nan
0.600000 0.550000 0.100000     -nan
0.600000 0.550000 0.100000     -nan
0.600000 0.550000 0.100000     -nan
0.600000 0.550000 0.100000     -nan
0.600000 0.550000 0.100000     -nan
0.600000 0.550000 0.100000     -nan
0.600000 0.550000 0.100000     -nan
0.600000 0.550000 0.100000     -nan
0.300000 0.600000 0.100000     -nan
0.300000 0.600000 0.100000     -nan
0.300000 0.600000 0.100000     -nan
0.300000 0.600000 0.100000     -nan
0.300000 0.600000 0.100000     -nan
0.300000 0.600000 0.100000     -nan
0.300000 0.600000 0.100000     -nan
0.300000 0.600000 0.100000     -nan
0.600000 0.600000 0.100000     -nan
0.600000 0.600000 0.100000     -nan
0.600000 0.600000 0.100000     -nan
0.600000 0.600000 0.100000     -nan
0.600000 0.600000 0.100000     -nan
0.600000 0.600000 0.100000     -nan
0.600000 0.600000 0.100000     -nan
0.600000 0.600000 0.100000     -nan
0.300000 0.650000 0.100000     -nan
0.300000 0.650000 0.100000     -nan
0.300000 0.650000 0.100000     -nan
0.300000 0.650000 0.100000     -nan
0.300000 0.650000 0.100000     -nan
0.300000 0.650000 0.100000     -nan
0.300000 0.650000 0.100000     -nan
0.300000 0.650000 0.100000     -nan
0.600000 0.650000 0.100000     -nan
0.600000 0.650000 0.100000     -nan
0.600000 0.650000 0.100000     -nan
0.600000 0.650000 0.100000     -nan
0.600000 0.650000 0.100000     -nan
0.600000 0.650000 0.100000     -nan
0.600000 0.650000 0.100000     -nan
0.600000 0.650000 0.100000     -nan
0.300000 0.700000 0.100000     -nan
0.300000 0.700000 0.100000     -nan
0.300000 0.700000 0.100000     -nan
0.300000 0.700000 0.100000     -nan
0.300000 0.700000 0.100000     -nan
0.300000 0.700000 0.100000     -nan
0.300000 0.700000 0.100000     -nan
0.300000 0.700000 0.100000     -nan
0.600000 0.700000 0.100000     -nan
0.600000 0.700000 0.100000     -nan
0.600000 0.700000 0.100000     -nan
0.600000 0.700000 0.100000     -nan
0.600000 0.700000 0.100000     -nan
0.600000 0.700000 0.100000     -nan
0.600000 0.700000 0.100000     -nan
0.600000 0.700000 0.100000     -nan
0.300000 0.750000 0.100000     -nan
0.300000 0.750000 0.100000     -nan
0.300000 0.750000 0.100000     -nan
0.300000 0.750000 0.100000     -nan
0.300000 0.750000 0.100000     -nan
0.300000 0.750000 0.100000     -nan
0.300000 0.750000 0.100000     -nan
0.300000 0.750000 0.100000     -nan
0.600000 0.750000 0.100000     -nan
0.600000 0.750000 0.100000     -nan
0.600000 0.750000 0.100000     -nan
0.600000 0.750000 0.100000     -nan
0.600000 0.750000 0.100000     -nan
0.600000 0.750000 0.100000     -nan
0.600000 0.750000 0.100000     -nan
0.600000 0.750000 0.100000     -nan
0.300000 0.800000 0.100000     -nan
0.300000 0.800000 0.100000     -nan
0.300000 0.800000 0.100000     -nan
0.300000 0.800000 0.100000     -nan
0.300000 0.800000 0.100000     -nan
0.300000 0.800000 0.100000     -nan
0.300000 0.800000 0.100000     -nan
0.300000 0.800000 0.100000     -nan
0.600000 0.800000 0.100000     -nan
0.600000 0.800000 0.100000     -nan
0.600000 0.800000 0.100000     -nan
0.600000 0.800000 0.100000     -nan
0.600000 0.800000 0.100000     -nan
0.600000 0.800000 0.100000     -nan
0.600000 0.800000 0.100000     -nan
0.600000 0.800000 0.100000     -nan
0.300000 0.850000 0.100000     -nan
0.300000 0.850000 0.100000     -nan
0.300000 0.850000 0.100000     -nan
0.300000 0.850000 0.100000     -nan
0.300000 0.850000 0.100000     -nan
0.300000 0.850000 0.100000     -nan
0.300000 0.850000 0.100000     -nan
0.300000 0.850000 0.100000     -nan
0.600000 0.850000 0.100000     -nan
0.600000 0.850000 0.100000     -nan
0.600000 0.850000 0.100000     -nan
0.600000 0.850000 0.100000     -nan
0.600000 0.850000 0.100000     -nan
0.600000 0.850000 0.100000     -nan
0.600000 0.850000 0.100000     -nan
0.600000 0.850000 0.100000     -nan
0.300000 0.900000 0.100000     -nan
0.300000 0.900000 0.100000     -nan
0.300000 0.900000 0.100000     -nan
0.300000 0.900000 0.100000     -nan
0.300000 0.900000 0.100000     -nan
0.300000 0.900000 0.100000     -nan
0.300000 0.900000 0.100000     -nan
0.300000 0.900000 0.100000     -nan
0.600000 0.900000 0.100000     -nan
0.600000 0.900000 0.100000     -nan
0.600000 0.900000 0.100000     -nan
0.600000 0.900000 0.100000     -nan
0.600000 0.900000 0.100000     -nan
0.600000 0.900000 0.100000     -nan
0.600000 0.900000 0.100000     -nan
0.600000 0.900000 0.100000     -nan
0.300000 0.950000 0.100000     -nan
0.300000 0.950000 0.100000     -nan
0.300000 0.950000 0.100000     -nan
0.300000 0.950000 0.100000     -nan
0.300000 0.950000 0.100000     -nan
0.300000 0.950000 0.100000     -nan
0.300000 0.950000 0.100000     -nan
0.300000 0.950000 0.100000     -nan
0.600000 0.950000 0.100000     -nan
0.600000 0.950000 0.100000     -nan
0.600000 0.950000 0.100000     -nan
0.600000 0.950000 0.100000     -nan
0.600000 0.950000 0.100000     -nan
0.600000 0.950000 0.100000     -nan
0.600000 0.950000 0.100000     -nan
0.600000 0.950000 0.100000     -nan
0.300000 1.000000 0.100000     -nan
0.300000 1.000000 0.100000     -nan
0.300000 1.000000 0.100000     -nan
0.300000 1.000000 0.100000     -nan
0.300000 1.000000 0.100000     -nan
0.300000 1.000000 0.100000     -nan
0.300000 1.000000 0.100000     -nan
0.300000 1.000000 0.100000     -nan
0.600000 1.000000 0.100000     -nan
0.600000 1.000000 0.100000     -nan
0.600000 1.000000 0.100000     -nan
0.600000 1.000000 0.100000     -nan
0.600000 1.000000 0.100000     -nan
0.600000 1.000000 0.100000     -nan
0.600000 1.000000 0.100000     -nan
0.600000 1.000000 0.100000     -nan
0.300000 1.050000 0.100000     -nan
0.300000 1.050000 0.100000     -nan
0.300000 1.050000 0.100000     -nan
0.300000 1.050000 0.100000     -nan
0.300000 1.050000 0.100000     -nan
0.300000 1.050000 0.100000     -nan
0.300000 1.050000 0.100000     -nan
0.300000 1.050000 0.100000     -nan
0.600000 1.050000 0.100000     -nan
0.600000 1.050000 0.100000     -nan
0.600000 1.050000 0.100000     -nan
0.600000 1.050000 0.100000     -nan
0.600000 1.050000 0.100000     -nan
0.600000 1.050000 0.100000     -nan
0.600000 1.050000 0.100000     -nan
0.600000 1.050000 0.100000     -nan
0.300000 1.100000 0.100000     -nan
0.300000 1.100000 0.100000     -nan
0.300000 1.100000 0.100000     -nan
0.300000 1.100000 0.100000     -nan
0.300000 1.100000 0.100000     -nan
0.300000 1.100000 0.100000     -nan
0.300000 1.100000 0.100000     -nan
0.300000 1.100000 0.100000     -nan
0.600000 1.100000 0.100000     -nan
0.600000 1.100000 0.100000     -nan
0.600000 1.100000 0.100000     -nan
0.600000 1.100000 0.100000     -nan
0.600000 1.100000 0.100000     -nan
0.600000 1.100000 0.100000     -nan
0.600000 1.100000 0.100000     -nan
0.600000 1.100000 0.100000     -nan
0.300000 1.150000 0.100000     -nan
0.300000 1.150000 0.100000     -nan
0.300000 1.150000 0.100000     -nan
0.300000 1.150000 0.100000     -nan
0.300000 1.150000 0.100000     -nan
0.300000 1.150000 0.100000     -nan
0.300000 1.150000 0.100000     -nan
0.300000 1.150000 0.100000     -nan
0.600000 1.150000 0.100000     -nan
0.600000 1.150000 0.100000     -nan
0.600000 1.150000 0.100000     -nan
0.600000 1.150000 0.100000     -nan
0.600000 1.150000 0.100000     -nan
0.600000 1.150000 0.100000     -nan
0.600000 1.150000 0.100000     -nan
0.600000 1.150000 0.100000     -nan
0.300000 1.200000 0.100000     -nan
0.300000 1.200000 0.100000     -nan
0.300000 1.200000 0.100000     -nan
0.300000 1.200000 0.100000     -nan
0.300000 1.200000 0.100000     -nan
0.300000 1.200000 0.100000     -nan
0.300000 1.200000 0.100000     -nan
0.300000 1.200000 0.100000     -nan
0.600000 1.200000 0.100000     -nan
0.600000 1.200000 0.100000     -nan
0.600000 1.200000 0.100000     -nan
0.600000 1.200000 0.100000     -nan
0.600000 1.200000 0.100000     -nan
0.600000 1.200000 0.100000     -nan
0.600000 1.200000 0.100000     -nan
0.600000 1.200000 0.100000     -nan
0.300000 1.250000 0.100000     -nan
0.300000 1.250000 0.100000     -nan
0.300000 1.250000 0.100000     -nan
0.300000 1.250000 0.100000     -nan
0.300000 1.250000 0.100000     -nan
0.300000 1.250000 0.100000     -nan
0.300000 1.250000 0.100000     -nan
0.300000 1.250000 0.100000     -nan
0.600000 1.250000 0.100000     -nan
0.600000 1.250000 0.100000     -nan
0.600000 1.250000 0.100000     -nan
0.600000 1.250000 0.100000     -nan
0.600000 1.250000 0.100000     -nan
0.600000 1.250000 0.100000     -nan
0.600000 1.250000 0.100000     -nan
0.600000 1.250000 0.100000     -nan
0.300000 1.300000 0.100000     -nan
0.300000 1.300000 0.100000     -nan
0.300000 1.300000 0.100000     -nan
0.300000 1.300000 0.100000     -nan
0.300000 1.300000 0.100000     -nan
0.300000 1.300000 0.100000     -nan
0.300000 1.300000 0.100000     -nan
0.300000 1.300000 0.100000     -nan
0.600000 1.300000 0.100000     -nan
0.600000 1.300000 0.100000     -nan
0.600000 1.300000 0.100000     -nan
0.600000 1.300000 0.100000     -nan
0.600000 1.300000 0.100000     -nan
0.600000 1.300000 0.100000     -nan
0.600000 1.300000 0.100000     -nan
0.600000 1.300000 0.100000     -nan
0.300000 1.350000 0.100000     -nan
0.300000 1.350000 0.100000     -nan
0.300000 1.350000 0.100000     -nan
0.300000 1.350000 0.100000     -nan
0.300000 1.350000 0.100000     -nan
0.300000 1.350000 0.100000     -nan
0.300000 1.350000 0.100000     -nan
0.300000 1.350000 0.100000     -nan
0.600000 1.350000 0.100000     -nan
0.600000 1.350000 0.100000     -nan
0.600000 1.350000 0.100000     -nan
0.600000 1.350000 0.100000     -nan
0.600000 1.350000 0.100000     -nan
0.600000 1.350000 0.100000     -nan
0.600000 1.350000 0.100000     -nan
0.600000 1.350000 0.100000     -nan
0.300000 1.400000 0.100000     -nan
0.300000 1.400000 0.100000     -nan
0.300000 1.400000 0.100000     -nan
0.300000 1.400000 0.100000     -nan
0.300000 1.400000 0.100000     -nan
0.300000 1.400000 0.100000     -nan
0.300000 1.400000 0.100000     -nan
0.300000 1.400000 0.100000     -nan
0.600000 1.400000 0.100000     -nan
0.600000 1.400000 0.100000     -nan
0.600000 1.400000 0.100000     -nan
0.600000 1.400000 0.100000     -nan
0.600000 1.400000 0.100000     -nan
0.600000 1.400000 0.100000     -nan
0.600000 1.400000 0.100000     -nan
0.600000 1.400000 0.100000     -nan
0.300000 1.450000 0.100000     -nan
0.300000 1.450000 0.100000     -nan
0.300000 1.450000 0.100000     -nan
0.300000 1.450000 0.100000     -nan
0.300000 1.450000 0.100000     -nan
0.300000 1.450000 0.100000     -nan
0.300000 1.450000 0.100000     -nan
0.300000 1.450000 0.100000     -nan
0.600000 1.450000 0.100000     -nan
0.600000 1.450000 0.100000     -nan
0.600000 1.450000 0.100000     -nan
0.600000 1.450000 0.100000     -nan
0.600000 1.450000 0.100000     -nan
0.600000 1.450000 0.100000     -nan
0.600000 1.450000 0.100000     -nan
0.600000 1.450000 0.100000     -nan
0.300000 1.500000 0.100000     -nan
0.300000 1.500000 0.100000     -nan
0.300000 1.500000 0.100000     -nan
0.300000 1.500000 0.100000     -nan
0.300000 1.500000 0.100000     -nan
0.300000 1.500000 0.100000     -nan
0.300000 1.500000 0.100000     -nan
0.300000 1.500000 0.100000     -nan
0.600000 1.500000 0.100000     -nan
0.600000 1.500000 0.100000     -nan
0.600000 1.500000 0.100000     -nan
0.600000 1.500000 0.100000     -nan
0.600000 1.500000 0.100000     -nan
0.600000 1.500000 0.100000     -nan
0.600000 1.500000 0.100000     -nan
0.600000 1.500000 0.100000     -nan
0.300000 1.550000 0.100000     -nan
0.300000 1.550000 0.100000     -nan
0.300000 1.550000 0.100000     -nan
0.300000 1.550000 0.100000     -nan
0.300000 1.550000 0.100000     -nan
0.300000 1.550000 0.100000     -nan
0.300000 1.550000 0.100000     -nan
0.300000 1.550000 0.100000     -nan
0.600000 1.550000 0.100000     -nan
0.600000 1.550000 0.100000     -nan
0.600000 1.550000 0.100000     -nan
0.600000 1.550000 0.100000     -nan
0.600000 1.550000 0.100000     -nan
0.600000 1.550000 0.100000     -nan
0.600000 1.550000 0.100000     -nan
0.600000 1.550000 0.100000     -nan
0.300000 1.600000 0.100000     -nan
0.300000 1.600000 0.100000     -nan
0.300000 1.600000 0.100000     -nan
0.300000 1.600000 0.100000     -nan
0.300000 1.600000 0.100000     -nan
0.300000 1.600000 0.100000     -nan
0.300000 1.600000 0.100000     -nan
0.300000 1.600000 0.100000     -nan
0.600000 1.600000 0.100000     -nan
0.600000 1.600000 0.100000     -nan
0.600000 1.600000 0.100000     -nan
0.600000 1.600000 0.100000     -nan
0.600000 1.600000 0.100000     -nan
0.600000 1.600000 0.100000     -nan
0.600000 1.600000 0.100000     -nan
0.600000 1.600000 0.100000     -nan
0.300000 1.650000 0.100000     -nan
0.300000 1.650000 0.100000     -nan
0.300000 1.650000 0.100000     -nan
0.300000 1.650000 0.100000     -nan
0.300000 1.650000 0.100000     -nan
0.300000 1.650000 0.100000     -nan
0.300000 1.650000 0.100000     -nan
0.300000 1.650000 0.100000     -nan
0.600000 1.650000 0.100000     -nan
0.600000 1.650000 0.100000     -nan
0.600000 1.650000 0.100000     -nan
0.600000 1.650000 0.100000     -nan
0.600000 1.650000 0.100000     -nan
0.600000 1.650000 0.100000     -nan
0.600000 1.650000 0.100000     -nan
0.600000 1.650000 0.100000     -nan
0.300000 1.700000 0.100000     -nan
0.300000 1.700000 0.100000     -nan
0.300000 1.700000 0.100000     -nan
0.300000 1.700000 0.100000     -nan
0.300000 1.700000 0.100000     -nan
0.300000 1.700000 0.100000     -nan
0.300000 1.700000 0.100000     -nan
0.300000 1.700000 0.100000     -nan
0.600000 1.700000 0.100000     -nan
0.600000 1.700000 0.100000     -nan
0.600000 1.700000 0.100000     -nan
0.600000 1.700000 0.100000     -nan
0.600000 1.700000 0.100000     -nan
0.600000 1.700000 0.100000     -nan
0.600000 1.700000 0.100000     -nan
0.600000 1.700000 0.100000     -nan
0.300000 1.750000 0.100000     -nan
0.300000 1.750000 0.100000     -nan
0.300000 1.750000 0.100000     -nan
0.300000 1.750000 0.100000     -nan
0.300000 1.750000 0.100000     -nan
0.300000 1.750000 0.100000     -nan
0.300000 1.750000 0.100000     -nan
0.300000 1.750000 0.100000     -nan
0.600000 1.750000 0.100000     -nan
0.600000 1.750000 0.100000     -nan
0.600000 1.750000 0.100000     -nan
0.600000 1.750000 0.100000     -nan
0.600000 1.750000 0.100000     -nan
0.600000 1.750000 0.100000     -nan
0.600000 1.750000 0.100000     -nan
0.600000 1.750000 0.100000     -nan
0.300000 1.800000 0.100000     -nan
0.300000 1.800000 0.100000     -nan
0.300000 1.800000 0.100000     -nan
0.300000 1.800000 0.100000     -nan
0.300000 1.800000 0.100000     -nan
0.300000 1.800000 0.100000     -nan
0.300000 1.800000 0.100000     -nan
0.300000 1.800000 0.100000     -nan
0.600000 1.800000 0.100000     -nan
0.600000 1.800000 0.100000     -nan
0.600000 1.800000 0.100000     -nan
0.600000 1.800000 0.100000     -nan
0.600000 1.800000 0.100000     -nan
0.600000 1.800000 0.100000     -nan
0.600000 1.800000 0.100000     -nan
0.600000 1.800000 0.100000     -nan
0.300000 1.850000 0.100000     -nan
0.300000 1.850000 0.100000     -nan
0.300000 1.850000 0.100000     -nan
0.300000 1.850000 0.100000     -nan
0.300000 1.850000 0.100000     -nan
0.300000 1.850000 0.100000     -nan
0.300000 1.850000 0.100000     -nan
0.300000 1.850000 0.100000     -nan
0.600000 1.850000 0.100000     -nan
0.600000 1.850000 0.100000     -nan
0.600000 1.850000 0.100000     -nan
0.600000 1.850000 0.100000     -nan
0.600000 1.850000 0.100000     -nan
0.600000 1.850000 0.100000     -nan
0.600000 1.850000 0.100000     -nan
0.600000 1.850000 0.100000     -nan
0.300000 1.900000 0.100000     -nan
0.300000 1.900000 0.100000     -nan
0.300000 1.900000 0.100000     -nan
0.300000 1.900000 0.100000     -nan
0.300000 1.900000 0.100000     -nan
0.300000 1.900000 0.100000     -nan
0.300000 1.900000 0.100000     -nan
0.300000 1.900000 0.100000     -nan
0.600000 1.900000 0.100000     -nan
0.600000 1.900000 0.100000     -nan
0.600000 1.900000 0.100000     -nan
0.600000 1.900000 0.100000     -nan
0.600000 1.900000 0.100000     -nan
0.600000 1.900000 0.100000     -nan
0.600000 1.900000 0.100000     -nan
0.600000 1.900000 0.100000     -nan
0.300000 1.950000 0.100000     -nan
0.300000 1.950000 0.100000     -nan
0.300000 1.950000 0.100000     -nan
0.300000 1.950000 0.100000     -nan
0.300000 1.950000 0.100000     -nan
0.300000 1.950000 0.100000     -nan
0.300000 1.950000 0.100000     -nan
0.300000 1.950000 0.100000     -nan
0.600000 1.950000 0.100000     -nan
0.600000 1.950000 0.100000     -nan
0.600000 1.950000 0.100000     -nan
0.600000 1.950000 0.100000     -nan
0.600000 1.950000 0.100000     -nan
0.600000 1.950000 0.100000     -nan
0.600000 1.950000 0.100000     -nan
0.600000 1.950000 0.100000     -nan
0.300000 2.000000 0.100000     -nan
0.300000 2.000000 0.100000     -nan
0.300000 2.000000 0.100000     -nan
0.300000 2.000000 0.100000     -nan
0.300000 2.000000 0.100000     -nan
0.300000 2.000000 0.100000     -nan
0.300000 2.000000 0.100000     -nan
0.300000 2.000000 0.100000     -nan
0.600000 2.000000 0.100000     -nan
0.600000 2.000000 0.100000     -nan
0.600000 2.000000 0.100000     -nan
0.600000 2.000000 0.100000     -nan
0.600000 2.000000 0.100000     -nan
0.600000 2.000000 0.100000     -nan
0.600000 2.000000 0.100000     -nan
0.600000 2.000000 0.100000     -nan
0.300000 2.050000 0.100000     -nan
0.300000 2.050000 0.100000     -nan
0.300000 2.050000 0.100000     -nan
0.300000 2.050000 0.100000     -nan
0.300000 2.050000 0.100000     -nan
0.300000 2.050000 0.100000     -nan
0.300000 2.050000 0.100000     -nan
0.300000 2.050000 0.100000     -nan
0.600000 2.050000 0.100000     -nan
0.600000 2.050000 0.100000     -nan
0.600000 2.050000 0.100000     -nan
0.600000 2.050000 0.100000     -nan
0.600000 2.050000 0.100000     -nan
0.600000 2.050000 0.100000     -nan
0.600000 2.050000 0.100000     -nan
0.600000 2.050000 0.100000     -nan
0.300000 2.100000 0.100000     -nan
0.300000 2.100000 0.100000     -nan
0.300000 2.100000 0.100000     -nan
0.300000 2.100000 0.100000     -nan
0.300000 2.100000 0.100000     -nan
0.300000 2.100000 0.100000     -nan
0.300000 2.100000 0.100000     -nan
0.300000 2.100000 0.100000     -nan
0.600000 2.100000 0.100000     -nan
0.600000 2.100000 0.100000     -nan
0.600000 2.100000 0.100000     -nan
0.600000 2.100000 0.100000     -nan
0.600000 2.100000 0.100000     -nan
0.600000 2.100000 0.100000     -nan
0.600000 2.100000 0.100000     -nan
0.600000 2.100000 0.100000     -nan
0.300000 2.150000 0.100000     -nan
0.300000 2.150000 0.100000     -nan
0.300000 2.150000 0.100000     -nan
0.300000 2.150000 0.100000     -nan
0.300000 2.150000 0.100000     -nan
0.300000 2.150000 0.100000     -nan
0.300000 2.150000 0.100000     -nan
0.300000 2.150000 0.100000     -nan
0.600000 2.150000 0.100000     -nan
0.600000 2.150000 0.100000     -nan
0.600000 2.150000 0.100000     -nan
0.600000 2.150000 0.100000     -nan
0.600000 2.150000 0.100000     -nan
0.600000 2.150000 0.100000     -nan
0.600000 2.150000 0.100000     -nan
0.600000 2.150000 0.100000     -nan
0.300000 2.200000 0.100000     -nan
0.300000 2.200000 0.100000     -nan
0.300000 2.200000 0.100000     -nan
0.300000 2.200000 0.100000     -nan
0.300000 2.200000 0.100000     -nan
0.300000 2.200000 0.100000     -nan
0.300000 2.200000 0.100000     -nan
0.300000 2.200000 0.100000     -nan
0.600000 2.200000 0.100000     -nan
0.600000 2.200000 0.100000     -nan
0.600000 2.200000 0.100000     -nan
0.600000 2.200000 0.100000     -nan
0.600000 2.200000 0.100000     -nan
0.600000 2.200000 0.100000     -nan
0.600000 2.200000 0.100000     -nan
0.600000 2.200000 0.100000     -nan
0.300000 2.250000 0.100000     -nan
0.300000 2.250000 0.100000     -nan
0.300000 2.250000 0.100000     -nan
0.300000 2.250000 0.100000     -nan
0.300000 2.250000 0.100000     -nan
0.300000 2.250000 0.100000     -nan
0.300000 2.250000 0.100000     -nan
0.300000 2.250000 0.100000     -nan
0.600000 2.250000 0.100000     -nan
0.600000 2.250000 0.100000     -nan
0.600000 2.250000 0.100000     -nan
0.600000 2.250000 0.100000     -nan
0.600000 2.250000 0.100000     -nan
0.600000 2.250000 0.100000     -nan
0.600000 2.250000 0.100000     -nan
0.600000 2.250000 0.100000     -nan
0.300000 2.300000 0.100000     -nan
0.300000 2.300000 0.100000     -nan
0.300000 2.300000 0.100000     -nan
0.300000 2.300000 0.100000     -nan
0.300000 2.300000 0.100000     -nan
0.300000 2.300000 0.100000     -nan
0.300000 2.300000 0.100000     -nan
0.300000 2.300000 0.100000     -nan
0.600000 2.300000 0.100000     -nan
0.600000 2.300000 0.100000     -nan
0.600000 2.300000 0.100000     -nan
0.600000 2.300000 0.100000     -nan
0.600000 2.300000 0.100000     -nan
0.600000 2.300000 0.100000     -nan
0.600000 2.300000 0.100000     -nan
0.600000 2.300000 0.100000     -nan
0.300000 2.350000 0.100000     -nan
0.300000 2.350000 0.100000     -nan
0.300000 2.350000 0.100000     -nan
0.300000 2.350000 0.100000     -nan
0.300000 2.350000 0.100000     -nan
0.300000 2.350000 0.100000     -nan
0.300000 2.350000 0.100000     -nan
0.300000 2.350000 0.100000     -nan
0.600000 2.350000 0.100000     -nan
0.600000 2.350000 0.100000     -nan
0.600000 2.350000 0.100000     -nan
0.600000 2.350000 0.100000     -nan
0.600000 2.350000 0.100000     -nan
0.600000 2.350000 0.100000     -nan
0.600000 2.350000 0.100000     -nan
0.600000 2.350000 0.100000     -nan
0.300000 2.400000 0.100000     -nan
0.300000 2.400000 0.100000     -nan
0.300000 2.400000 0.100000     -nan
0.300000 2.400000 0.100000     -nan
0.300000 2.400000 0.100000     -nan
0.300000 2.400000 0.100000     -nan
0.300000 2.400000 0.100000     -nan
0.300000 2.400000 0.100000     -nan
0.600000 2.400000 0.100000     -nan
0.600000 2.400000 0.100000     -nan
0.600000 2.400000 0.100000     -nan
0.600000 2.400000 0.100000     -nan
0.600000 2.400000 0.100000     -nan
0.600000 2.400000 0.100000     -nan
0.600000 2.400000 0.100000     -nan
0.600000 2.400000 0.100000     -nan
0.300000 2.450000 0.100000     -nan
0.300000 2.450000 0.100000     -nan
0.300000 2.450000 0.100000     -nan
0.300000 2.450000 0.100000     -nan
0.300000 2.450000 0.100000     -nan
0.300000 2.450000 0.100000     -nan
0.300000 2.450000 0.100000     -nan
0.300000 2.450000 0.100000     -nan
0.600000 2.450000 0.100000     -nan
0.600000 2.450000 0.100000     -nan
0.600000 2.450000 0.100000     -nan
0.600000 2.450000 0.100000     -nan
0.600000 2.450000 0.100000     -nan
0.600000 2.450000 0.100000     -nan
0.600000 2.450000 0.100000     -nan
0.600000 2.450000 0.100000     -nan
0.300000 2.500000 0.100000     -nan
0.300000 2.500000 0.100000     -nan
0.300000 2.500000 0.100000     -nan
0.300000 2.500000 0.100000     -nan
0.300000 2.500000 0.100000     -nan
0.300000 2.500000 0.100000     -nan
0.300000 2.500000 0.100000     -nan
0.300000 2.500000 0.100000     -nan
0.600000 2.500000 0.100000     -nan
0.600000 2.500000 0.100000     -nan
0.600000 2.500000 0.100000     -nan
0.600000 2.500000 0.100000     -nan
0.600000 2.500000 0.100000     -nan
0.600000 2.500000 0.100000     -nan
0.600000 2.500000 0.100000     -nan
0.600000 2.500000 0.100000     -nan
 Writtiing file ->pruebaCu.root
